{"/Users/adam/Desktop/mock-tech-test/lib/account.js": {"path":"/Users/adam/Desktop/mock-tech-test/lib/account.js","statementMap":{"0":{"start":{"line":3,"column":4},"end":{"line":3,"column":41}},"1":{"start":{"line":4,"column":4},"end":{"line":4,"column":32}},"2":{"start":{"line":8,"column":4},"end":{"line":22,"column":5}},"3":{"start":{"line":9,"column":6},"end":{"line":9,"column":43}},"4":{"start":{"line":10,"column":6},"end":{"line":10,"column":43}},"5":{"start":{"line":11,"column":6},"end":{"line":11,"column":50}},"6":{"start":{"line":12,"column":6},"end":{"line":12,"column":36}},"7":{"start":{"line":14,"column":8},"end":{"line":21,"column":7}},"8":{"start":{"line":15,"column":10},"end":{"line":15,"column":37}},"9":{"start":{"line":17,"column":10},"end":{"line":17,"column":47}},"10":{"start":{"line":18,"column":10},"end":{"line":18,"column":47}},"11":{"start":{"line":19,"column":10},"end":{"line":19,"column":54}},"12":{"start":{"line":20,"column":10},"end":{"line":20,"column":40}},"13":{"start":{"line":26,"column":4},"end":{"line":26,"column":53}},"14":{"start":{"line":27,"column":4},"end":{"line":28,"column":102}},"15":{"start":{"line":28,"column":6},"end":{"line":28,"column":101}},"16":{"start":{"line":32,"column":0},"end":{"line":32,"column":24}}},"fnMap":{"0":{"name":"(anonymous_0)","decl":{"start":{"line":2,"column":2},"end":{"line":2,"column":3}},"loc":{"start":{"line":2,"column":30},"end":{"line":5,"column":3}},"line":2},"1":{"name":"(anonymous_1)","decl":{"start":{"line":7,"column":2},"end":{"line":7,"column":3}},"loc":{"start":{"line":7,"column":33},"end":{"line":23,"column":3}},"line":7},"2":{"name":"(anonymous_2)","decl":{"start":{"line":25,"column":2},"end":{"line":25,"column":3}},"loc":{"start":{"line":25,"column":18},"end":{"line":29,"column":3}},"line":25},"3":{"name":"(anonymous_3)","decl":{"start":{"line":27,"column":36},"end":{"line":27,"column":37}},"loc":{"start":{"line":28,"column":6},"end":{"line":28,"column":101}},"line":28}},"branchMap":{"0":{"loc":{"start":{"line":8,"column":4},"end":{"line":22,"column":5}},"type":"if","locations":[{"start":{"line":8,"column":4},"end":{"line":22,"column":5}},{"start":{"line":13,"column":11},"end":{"line":22,"column":5}}],"line":8},"1":{"loc":{"start":{"line":14,"column":8},"end":{"line":21,"column":7}},"type":"if","locations":[{"start":{"line":14,"column":8},"end":{"line":21,"column":7}},{"start":{"line":16,"column":13},"end":{"line":21,"column":7}}],"line":14}},"s":{"0":38,"1":38,"2":25,"3":13,"4":13,"5":13,"6":13,"7":12,"8":1,"9":11,"10":11,"11":11,"12":11,"13":5,"14":5,"15":7,"16":2},"f":{"0":38,"1":25,"2":5,"3":7},"b":{"0":[13,12],"1":[1,11]},"_coverageSchema":"1a1c01bbd47fc00a2c39e90264f33305004495a9","hash":"e6c506496095c7090e99b3ec8467dd90286c54df"}
,"/Users/adam/Desktop/mock-tech-test/lib/transaction.js": {"path":"/Users/adam/Desktop/mock-tech-test/lib/transaction.js","statementMap":{"0":{"start":{"line":3,"column":4},"end":{"line":3,"column":32}},"1":{"start":{"line":7,"column":4},"end":{"line":12,"column":5}},"2":{"start":{"line":8,"column":6},"end":{"line":8,"column":69}},"3":{"start":{"line":9,"column":6},"end":{"line":9,"column":36}},"4":{"start":{"line":11,"column":6},"end":{"line":11,"column":36}},"5":{"start":{"line":16,"column":4},"end":{"line":21,"column":5}},"6":{"start":{"line":17,"column":6},"end":{"line":17,"column":69}},"7":{"start":{"line":18,"column":6},"end":{"line":18,"column":36}},"8":{"start":{"line":20,"column":6},"end":{"line":20,"column":36}},"9":{"start":{"line":25,"column":17},"end":{"line":25,"column":27}},"10":{"start":{"line":26,"column":14},"end":{"line":26,"column":28}},"11":{"start":{"line":27,"column":16},"end":{"line":27,"column":33}},"12":{"start":{"line":28,"column":15},"end":{"line":28,"column":33}},"13":{"start":{"line":29,"column":4},"end":{"line":29,"column":36}},"14":{"start":{"line":33,"column":4},"end":{"line":37,"column":5}},"15":{"start":{"line":34,"column":6},"end":{"line":34,"column":17}},"16":{"start":{"line":36,"column":6},"end":{"line":36,"column":18}},"17":{"start":{"line":42,"column":0},"end":{"line":42,"column":28}}},"fnMap":{"0":{"name":"(anonymous_0)","decl":{"start":{"line":2,"column":2},"end":{"line":2,"column":3}},"loc":{"start":{"line":2,"column":16},"end":{"line":4,"column":3}},"line":2},"1":{"name":"(anonymous_1)","decl":{"start":{"line":6,"column":2},"end":{"line":6,"column":3}},"loc":{"start":{"line":6,"column":18},"end":{"line":13,"column":3}},"line":6},"2":{"name":"(anonymous_2)","decl":{"start":{"line":15,"column":2},"end":{"line":15,"column":3}},"loc":{"start":{"line":15,"column":21},"end":{"line":22,"column":3}},"line":15}},"branchMap":{"0":{"loc":{"start":{"line":7,"column":4},"end":{"line":12,"column":5}},"type":"if","locations":[{"start":{"line":7,"column":4},"end":{"line":12,"column":5}},{"start":{"line":10,"column":11},"end":{"line":12,"column":5}}],"line":7},"1":{"loc":{"start":{"line":16,"column":4},"end":{"line":21,"column":5}},"type":"if","locations":[{"start":{"line":16,"column":4},"end":{"line":21,"column":5}},{"start":{"line":19,"column":11},"end":{"line":21,"column":5}}],"line":16},"2":{"loc":{"start":{"line":33,"column":4},"end":{"line":37,"column":5}},"type":"if","locations":[{"start":{"line":33,"column":4},"end":{"line":37,"column":5}},{"start":{"line":35,"column":10},"end":{"line":37,"column":5}}],"line":33}},"s":{"0":14,"1":8,"2":7,"3":7,"4":1,"5":6,"6":5,"7":5,"8":1,"9":12,"10":12,"11":12,"12":12,"13":12,"14":14,"15":12,"16":2,"17":3},"f":{"0":14,"1":8,"2":6},"b":{"0":[7,1],"1":[5,1],"2":[12,2]},"_coverageSchema":"1a1c01bbd47fc00a2c39e90264f33305004495a9","hash":"349a4bb502b428fafc4761b94bea19fcc6457452"}
}
