TN:
SF:lib/account.js
FN:2,(anonymous_0)
FN:7,(anonymous_1)
FN:22,(anonymous_2)
FN:24,(anonymous_3)
FNF:4
FNH:4
FNDA:20,(anonymous_0)
FNDA:11,(anonymous_1)
FNDA:2,(anonymous_2)
FNDA:1,(anonymous_3)
DA:3,20
DA:4,20
DA:8,11
DA:9,6
DA:10,6
DA:11,6
DA:13,5
DA:14,1
DA:16,4
DA:17,4
DA:23,2
DA:24,2
DA:25,1
DA:29,1
LF:14
LH:14
BRDA:8,0,0,6
BRDA:8,0,1,5
BRDA:13,1,0,1
BRDA:13,1,1,4
BRF:4
BRH:4
end_of_record
TN:
SF:lib/transaction.js
FN:2,(anonymous_0)
FN:6,(anonymous_1)
FN:15,(anonymous_2)
FNF:3
FNH:3
FNDA:6,(anonymous_0)
FNDA:4,(anonymous_1)
FNDA:2,(anonymous_2)
DA:3,6
DA:7,4
DA:8,3
DA:9,3
DA:11,1
DA:16,2
DA:17,1
DA:18,1
DA:20,1
DA:25,4
DA:26,4
DA:27,4
DA:28,4
DA:29,4
DA:33,6
DA:34,4
DA:36,2
DA:42,2
LF:18
LH:18
BRDA:7,0,0,3
BRDA:7,0,1,1
BRDA:16,1,0,1
BRDA:16,1,1,1
BRDA:33,2,0,4
BRDA:33,2,1,2
BRF:6
BRH:6
end_of_record
