TN:
SF:lib/account.js
FN:2,(anonymous_0)
FN:7,(anonymous_1)
FN:25,(anonymous_2)
FN:27,(anonymous_3)
FNF:4
FNH:4
FNDA:46,(anonymous_0)
FNDA:29,(anonymous_1)
FNDA:8,(anonymous_2)
FNDA:10,(anonymous_3)
DA:3,46
DA:4,46
DA:8,29
DA:9,16
DA:10,16
DA:11,16
DA:12,16
DA:14,13
DA:15,2
DA:17,11
DA:18,11
DA:19,11
DA:20,11
DA:26,8
DA:27,8
DA:28,10
DA:32,2
LF:17
LH:17
BRDA:8,0,0,16
BRDA:8,0,1,13
BRDA:14,1,0,2
BRDA:14,1,1,11
BRF:4
BRH:4
end_of_record
TN:
SF:lib/transaction.js
FN:2,(anonymous_0)
FN:6,(anonymous_1)
FN:15,(anonymous_2)
FNF:3
FNH:3
FNDA:19,(anonymous_0)
FNDA:11,(anonymous_1)
FNDA:7,(anonymous_2)
DA:3,19
DA:7,11
DA:8,10
DA:9,10
DA:11,1
DA:16,7
DA:17,6
DA:18,6
DA:20,1
DA:25,16
DA:26,16
DA:27,16
DA:28,16
DA:29,16
DA:33,18
DA:34,16
DA:36,2
DA:42,3
LF:18
LH:18
BRDA:7,0,0,10
BRDA:7,0,1,1
BRDA:16,1,0,6
BRDA:16,1,1,1
BRDA:33,2,0,16
BRDA:33,2,1,2
BRF:6
BRH:6
end_of_record
